[INFO] Scanning for projects...
[INFO] 
[INFO] --------------------< smartsae:sae-content-service >--------------------
[INFO] Building SAE Content Service 0.0.1-SNAPSHOT
[INFO]   from pom.xml
[INFO] --------------------------------[ jar ]---------------------------------
[INFO] 
[INFO] >>> spring-boot:3.2.3:run (default-cli) > test-compile @ sae-content-service >>>
[INFO] 
[INFO] --- resources:3.3.1:resources (default-resources) @ sae-content-service ---
[INFO] Copying 1 resource from src\main\resources to target\classes
[INFO] Copying 0 resource from src\main\resources to target\classes
[INFO] 
[INFO] --- compiler:3.11.0:compile (default-compile) @ sae-content-service ---
[INFO] Nothing to compile - all classes are up to date
[INFO] 
[INFO] --- resources:3.3.1:testResources (default-testResources) @ sae-content-service ---
[INFO] skip non existing resourceDirectory D:\sae-fullstack\sae-api-master\sae-content-service\src\test\resources
[INFO] 
[INFO] --- compiler:3.11.0:testCompile (default-testCompile) @ sae-content-service ---
[INFO] No sources to compile
[INFO] 
[INFO] <<< spring-boot:3.2.3:run (default-cli) < test-compile @ sae-content-service <<<
[INFO] 
[INFO] 
[INFO] --- spring-boot:3.2.3:run (default-cli) @ sae-content-service ---
[INFO] Attaching agents: []

  .   ____          _            __ _ _
 /\\ / ___'_ __ _ _(_)_ __  __ _ \ \ \ \
( ( )\___ | '_ | '_| | '_ \/ _` | \ \ \ \
 \\/  ___)| |_)| | | | | || (_| |  ) ) ) )
  '  |____| .__|_| |_|_| |_\__, | / / / /
 =========|_|==============|___/=/_/_/_/
 :: Spring Boot ::                (v3.2.3)

2026-05-04T15:11:08.434+02:00  INFO 27084 --- [sae-content-service] [           main] c.a.smart.sae.ContentServiceApplication  : Starting ContentServiceApplication using Java 17.0.12 with PID 27084 (D:\sae-fullstack\sae-api-master\sae-content-service\target\classes started by Omen2 in D:\sae-fullstack\sae-api-master\sae-content-service)
2026-05-04T15:11:08.435+02:00  INFO 27084 --- [sae-content-service] [           main] c.a.smart.sae.ContentServiceApplication  : No active profile set, falling back to 1 default profile: "default"
2026-05-04T15:11:08.732+02:00  INFO 27084 --- [sae-content-service] [           main] .s.d.r.c.RepositoryConfigurationDelegate : Multiple Spring Data modules found, entering strict repository configuration mode
2026-05-04T15:11:08.743+02:00  INFO 27084 --- [sae-content-service] [           main] .s.d.r.c.RepositoryConfigurationDelegate : Bootstrapping Spring Data MongoDB repositories in DEFAULT mode.
2026-05-04T15:11:08.811+02:00  INFO 27084 --- [sae-content-service] [           main] .s.d.r.c.RepositoryConfigurationDelegate : Finished Spring Data repository scanning in 65 ms. Found 2 MongoDB repository interfaces.
2026-05-04T15:11:09.204+02:00  INFO 27084 --- [sae-content-service] [           main] o.s.b.w.embedded.tomcat.TomcatWebServer  : Tomcat initialized with port 8082 (http)
2026-05-04T15:11:09.220+02:00  INFO 27084 --- [sae-content-service] [           main] o.apache.catalina.core.StandardService   : Starting service [Tomcat]
2026-05-04T15:11:09.220+02:00  INFO 27084 --- [sae-content-service] [           main] o.apache.catalina.core.StandardEngine    : Starting Servlet engine: [Apache Tomcat/10.1.19]
2026-05-04T15:11:09.262+02:00  INFO 27084 --- [sae-content-service] [           main] o.a.c.c.C.[Tomcat].[localhost].[/]       : Initializing Spring embedded WebApplicationContext
2026-05-04T15:11:09.263+02:00  INFO 27084 --- [sae-content-service] [           main] w.s.c.ServletWebServerApplicationContext : Root WebApplicationContext: initialization completed in 797 ms
2026-05-04T15:11:09.375+02:00  INFO 27084 --- [sae-content-service] [           main] org.mongodb.driver.client                : MongoClient with metadata {"driver": {"name": "mongo-java-driver|sync|spring-boot", "version": "4.11.1"}, "os": {"type": "Windows", "name": "Windows 11", "architecture": "amd64", "version": "10.0"}, "platform": "Java/Oracle Corporation/17.0.12+8-LTS-286"} created with settings MongoClientSettings{readPreference=primary, writeConcern=WriteConcern{w=null, wTimeout=null ms, journal=null}, retryWrites=true, retryReads=true, readConcern=ReadConcern{level=null}, credential=null, transportSettings=null, streamFactoryFactory=null, commandListeners=[], codecRegistry=ProvidersCodecRegistry{codecProviders=[ValueCodecProvider{}, BsonValueCodecProvider{}, DBRefCodecProvider{}, DBObjectCodecProvider{}, DocumentCodecProvider{}, CollectionCodecProvider{}, IterableCodecProvider{}, MapCodecProvider{}, GeoJsonCodecProvider{}, GridFSFileCodecProvider{}, Jsr310CodecProvider{}, JsonObjectCodecProvider{}, BsonCodecProvider{}, EnumCodecProvider{}, com.mongodb.client.model.mql.ExpressionCodecProvider@390037e7, com.mongodb.Jep395RecordCodecProvider@704067c6, com.mongodb.KotlinCodecProvider@7f4596d0]}, loggerSettings=LoggerSettings{maxDocumentLength=1000}, clusterSettings={hosts=[localhost:27017], srvServiceName=mongodb, mode=SINGLE, requiredClusterType=UNKNOWN, requiredReplicaSetName='null', serverSelector='null', clusterListeners='[]', serverSelectionTimeout='30000 ms', localThreshold='15 ms'}, socketSettings=SocketSettings{connectTimeoutMS=10000, readTimeoutMS=0, receiveBufferSize=0, proxySettings=ProxySettings{host=null, port=null, username=null, password=null}}, heartbeatSocketSettings=SocketSettings{connectTimeoutMS=10000, readTimeoutMS=10000, receiveBufferSize=0, proxySettings=ProxySettings{host=null, port=null, username=null, password=null}}, connectionPoolSettings=ConnectionPoolSettings{maxSize=100, minSize=0, maxWaitTimeMS=120000, maxConnectionLifeTimeMS=0, maxConnectionIdleTimeMS=0, maintenanceInitialDelayMS=0, maintenanceFrequencyMS=60000, connectionPoolListeners=[], maxConnecting=2}, serverSettings=ServerSettings{heartbeatFrequencyMS=10000, minHeartbeatFrequencyMS=500, serverListeners='[]', serverMonitorListeners='[]'}, sslSettings=SslSettings{enabled=false, invalidHostNameAllowed=false, context=null}, applicationName='null', compressorList=[], uuidRepresentation=JAVA_LEGACY, serverApi=null, autoEncryptionSettings=null, dnsClient=null, inetAddressResolver=null, contextProvider=null}
2026-05-04T15:11:09.394+02:00  INFO 27084 --- [sae-content-service] [localhost:27017] org.mongodb.driver.cluster               : Monitor thread successfully connected to server with description ServerDescription{address=localhost:27017, type=STANDALONE, state=CONNECTED, ok=true, minWireVersion=0, maxWireVersion=27, maxDocumentSize=16777216, logicalSessionTimeoutMinutes=30, roundTripTimeNanos=15063200}
2026-05-04T15:11:09.712+02:00  INFO 27084 --- [sae-content-service] [           main] o.s.s.web.DefaultSecurityFilterChain     : Will secure Ant [pattern='/api/**'] with [org.springframework.security.web.session.DisableEncodeUrlFilter@46c662f2, org.springframework.security.web.context.request.async.WebAsyncManagerIntegrationFilter@4afdfc0f, org.springframework.security.web.context.SecurityContextHolderFilter@340c5fb6, org.springframework.security.web.header.HeaderWriterFilter@68e24e7, org.springframework.web.filter.CorsFilter@10b67f54, org.springframework.security.web.authentication.logout.LogoutFilter@4cfcac13, codelab.api.smart.sae.framework.filter.JwtRequestFilter@72a2312e, org.springframework.security.web.savedrequest.RequestCacheAwareFilter@45d389f2, org.springframework.security.web.servletapi.SecurityContextHolderAwareRequestFilter@308e87a1, org.springframework.security.web.authentication.AnonymousAuthenticationFilter@30798137, org.springframework.security.web.session.SessionManagementFilter@6aad919c, org.springframework.security.web.access.ExceptionTranslationFilter@48c5698, org.springframework.security.web.access.intercept.AuthorizationFilter@54bb1194]
2026-05-04T15:11:09.730+02:00  INFO 27084 --- [sae-content-service] [           main] o.s.s.web.DefaultSecurityFilterChain     : Will secure any request with [org.springframework.security.web.session.DisableEncodeUrlFilter@1edf71d9, org.springframework.security.web.context.request.async.WebAsyncManagerIntegrationFilter@52d9d817, org.springframework.security.web.context.SecurityContextHolderFilter@2eb6d34a, org.springframework.security.web.header.HeaderWriterFilter@34beadce, org.springframework.web.filter.CorsFilter@131ba005, org.springframework.security.web.authentication.logout.LogoutFilter@260d48f5, codelab.api.smart.sae.framework.filter.JwtRequestFilter@72a2312e, org.springframework.security.web.savedrequest.RequestCacheAwareFilter@2d73e8c4, org.springframework.security.web.servletapi.SecurityContextHolderAwareRequestFilter@6ce2e079, org.springframework.security.web.authentication.AnonymousAuthenticationFilter@7f305f34, org.springframework.security.web.session.SessionManagementFilter@382d549a, org.springframework.security.web.access.ExceptionTranslationFilter@3c07e830, org.springframework.security.web.access.intercept.AuthorizationFilter@6f106af8]
2026-05-04T15:11:09.846+02:00  INFO 27084 --- [sae-content-service] [           main] o.s.b.w.embedded.tomcat.TomcatWebServer  : Tomcat started on port 8082 (http) with context path ''
2026-05-04T15:11:09.853+02:00  INFO 27084 --- [sae-content-service] [           main] c.a.smart.sae.ContentServiceApplication  : Started ContentServiceApplication in 1.646 seconds (process running for 1.829)
