[INFO] Scanning for projects...
[INFO] ------------------------------------------------------------------------
[INFO] Reactor Build Order:
[INFO] 
[INFO] smartsae API Parent                                                [pom]
[INFO] SAE Common Shared Library                                          [jar]
[INFO] SAE Authentication Service                                         [jar]
[INFO] SAE API Gateway                                                    [jar]
[INFO] SAE Content Service                                                [jar]
[INFO] SAE Forum Service                                                  [jar]
[INFO] SAE Quiz Service                                                   [jar]
[INFO] SAE AI Service                                                     [jar]
[INFO] 
[INFO] --------------------< smartsae:smartsae-api-parent >--------------------
[INFO] Building smartsae API Parent 0.0.1-SNAPSHOT                        [1/8]
[INFO]   from pom.xml
[INFO] --------------------------------[ pom ]---------------------------------
[INFO] ------------------------------------------------------------------------
[INFO] Reactor Summary for smartsae API Parent 0.0.1-SNAPSHOT:
[INFO] 
[INFO] smartsae API Parent ................................ FAILURE [  0.000 s]
[INFO] SAE Common Shared Library .......................... SKIPPED
[INFO] SAE Authentication Service ......................... SKIPPED
[INFO] SAE API Gateway .................................... SKIPPED
[INFO] SAE Content Service ................................ SKIPPED
[INFO] SAE Forum Service .................................. SKIPPED
[INFO] SAE Quiz Service ................................... SKIPPED
[INFO] SAE AI Service ..................................... SKIPPED
[INFO] ------------------------------------------------------------------------
[INFO] BUILD FAILURE
[INFO] ------------------------------------------------------------------------
[INFO] Total time:  0.599 s
[INFO] Finished at: 2026-03-30T14:43:02+02:00
[INFO] ------------------------------------------------------------------------
[ERROR] Unknown lifecycle phase "". You must specify a valid lifecycle phase or a goal in the format <plugin-prefix>:<goal> or <plugin-group-id>:<plugin-artifact-id>[:<plugin-version>]:<goal>. Available lifecycle phases are: pre-clean, clean, post-clean, validate, initialize, generate-sources, process-sources, generate-resources, process-resources, compile, process-classes, generate-test-sources, process-test-sources, generate-test-resources, process-test-resources, test-compile, process-test-classes, test, prepare-package, package, pre-integration-test, integration-test, post-integration-test, verify, install, deploy, pre-site, site, post-site, site-deploy. -> [Help 1]
[ERROR] 
[ERROR] To see the full stack trace of the errors, re-run Maven with the -e switch.
[ERROR] Re-run Maven using the -X switch to enable full debug logging.
[ERROR] 
[ERROR] For more information about the errors and possible solutions, please read the following articles:
[ERROR] [Help 1] http://cwiki.apache.org/confluence/display/MAVEN/LifecyclePhaseNotFoundException
